<?xml version="1.0" encoding="UTF-8"?>
<testng-results ignored="0" total="3" passed="3" failed="0" skipped="0">
  <reporter-output>
  </reporter-output>
  <suite started-at="2024-01-14T13:50:55 IST" name="Suite" finished-at="2024-01-14T13:51:18 IST" duration-ms="22389">
    <groups>
    </groups>
    <test started-at="2024-01-14T13:50:55 IST" name="Test" finished-at="2024-01-14T13:51:18 IST" duration-ms="22389">
      <class name="com.test.MavenFramework.MouseHovering">
        <test-method signature="MH()[pri:0, instance:com.test.MavenFramework.MouseHovering@4e096385]" started-at="2024-01-14T13:50:55 IST" name="MH" finished-at="2024-01-14T13:51:05 IST" duration-ms="9552" status="PASS">
          <reporter-output>
          </reporter-output>
        </test-method> <!-- MH -->
      </class> <!-- com.test.MavenFramework.MouseHovering -->
      <class name="com.test.MavenFramework.MultiTest">
        <test-method is-config="true" signature="Initalization()[pri:0, instance:com.test.MavenFramework.MultiTest@6d4e5011]" started-at="2024-01-14T13:51:05 IST" name="Initalization" finished-at="2024-01-14T13:51:11 IST" duration-ms="6659" status="PASS">
          <reporter-output>
          </reporter-output>
        </test-method> <!-- Initalization -->
        <test-method signature="SelectDropDown()[pri:0, instance:com.test.MavenFramework.MultiTest@6d4e5011]" started-at="2024-01-14T13:51:11 IST" name="SelectDropDown" finished-at="2024-01-14T13:51:13 IST" duration-ms="1373" status="PASS">
          <reporter-output>
          </reporter-output>
        </test-method> <!-- SelectDropDown -->
        <test-method signature="AdvanceDropDown()[pri:0, instance:com.test.MavenFramework.MultiTest@6d4e5011]" started-at="2024-01-14T13:51:13 IST" name="AdvanceDropDown" finished-at="2024-01-14T13:51:17 IST" depends-on-methods="com.test.MavenFramework.MultiTest.SelectDropDown" duration-ms="4419" status="PASS">
          <reporter-output>
          </reporter-output>
        </test-method> <!-- AdvanceDropDown -->
        <test-method is-config="true" signature="Cleanup()[pri:0, instance:com.test.MavenFramework.MultiTest@6d4e5011]" started-at="2024-01-14T13:51:17 IST" name="Cleanup" finished-at="2024-01-14T13:51:18 IST" duration-ms="308" status="PASS">
          <reporter-output>
          </reporter-output>
        </test-method> <!-- Cleanup -->
      </class> <!-- com.test.MavenFramework.MultiTest -->
    </test> <!-- Test -->
  </suite> <!-- Suite -->
</testng-results>
