<?xml version="1.0" encoding="UTF-8"?>
<!-- Generated by org.testng.reporters.JUnitXMLReporter -->
<testsuite ignored="1" hostname="DESKTOP-KMP4B94" failures="0" tests="1" name="Default test" time="9.296" errors="0" timestamp="2024-01-14T13:41:29 IST">
  <testcase classname="com.test.MavenFramework.MultiTest" name="SelectDropDown" time="1.059"/>
  <testcase classname="com.test.MavenFramework.MultiTest" name="AdvanceDropDown" time="0.0">
    <ignored/>
  </testcase> <!-- AdvanceDropDown -->
</testsuite> <!-- Default test -->
