<?xml version="1.0" encoding="UTF-8"?>
<!-- Generated by org.testng.reporters.JUnitXMLReporter -->
<testsuite ignored="0" hostname="DESKTOP-KMP4B94" failures="0" tests="3" name="Test" time="22.389" errors="0" timestamp="2024-01-14T13:51:18 IST">
  <testcase classname="com.test.MavenFramework.MouseHovering" name="MH" time="9.552"/>
  <testcase classname="com.test.MavenFramework.MultiTest" name="SelectDropDown" time="1.373"/>
  <testcase classname="com.test.MavenFramework.MultiTest" name="AdvanceDropDown" time="4.419"/>
</testsuite> <!-- Test -->
